<?xml version="1.0" encoding="UTF-8"?>
<testsuite xmlns:xsi="http://www.w3.org/2001/XMLSchema-instance" xsi:noNamespaceSchemaLocation="https://maven.apache.org/surefire/maven-surefire-plugin/xsd/surefire-test-report.xsd" name="Models.CuentaTest" time="5.851" tests="58" errors="0" skipped="3" failures="6">
  <properties>
    <property name="java.specification.version" value="17"/>
    <property name="sun.cpu.isalist" value="amd64"/>
    <property name="sun.jnu.encoding" value="Cp1252"/>
    <property name="java.class.path" value="C:\Users\fulloque\IdeaProjects\JUnit2\target\test-classes;C:\Users\fulloque\IdeaProjects\JUnit2\target\classes;C:\Users\fulloque\.m2\repository\org\junit\jupiter\junit-jupiter\5.8.2\junit-jupiter-5.8.2.jar;C:\Users\fulloque\.m2\repository\org\junit\jupiter\junit-jupiter-api\5.8.2\junit-jupiter-api-5.8.2.jar;C:\Users\fulloque\.m2\repository\org\opentest4j\opentest4j\1.2.0\opentest4j-1.2.0.jar;C:\Users\fulloque\.m2\repository\org\junit\platform\junit-platform-commons\1.8.2\junit-platform-commons-1.8.2.jar;C:\Users\fulloque\.m2\repository\org\apiguardian\apiguardian-api\1.1.2\apiguardian-api-1.1.2.jar;C:\Users\fulloque\.m2\repository\org\junit\jupiter\junit-jupiter-params\5.8.2\junit-jupiter-params-5.8.2.jar;C:\Users\fulloque\.m2\repository\org\junit\jupiter\junit-jupiter-engine\5.8.2\junit-jupiter-engine-5.8.2.jar;C:\Users\fulloque\.m2\repository\org\junit\platform\junit-platform-engine\1.8.2\junit-platform-engine-1.8.2.jar;"/>
    <property name="java.vm.vendor" value="Oracle Corporation"/>
    <property name="sun.arch.data.model" value="64"/>
    <property name="user.variant" value=""/>
    <property name="java.vendor.url" value="https://java.oracle.com/"/>
    <property name="user.timezone" value="America/Buenos_Aires"/>
    <property name="os.name" value="Windows 10"/>
    <property name="java.vm.specification.version" value="17"/>
    <property name="sun.java.launcher" value="SUN_STANDARD"/>
    <property name="user.country" value="US"/>
    <property name="sun.boot.library.path" value="C:\Users\fulloque\OneDrive - ENDAVA\Documents\CursoJava\openjdk-17.0.1_windows-x64_bin\jdk-17.0.1\bin"/>
    <property name="sun.java.command" value="C:\Users\fulloque\AppData\Local\Temp\surefire8875383986412075622\surefirebooter1762352820556184053.jar C:\Users\fulloque\AppData\Local\Temp\surefire8875383986412075622 2021-12-14T12-19-32_920-jvmRun1 surefire4458846692120523246tmp surefire_01593467579855385772tmp"/>
    <property name="jdk.debug" value="release"/>
    <property name="surefire.test.class.path" value="C:\Users\fulloque\IdeaProjects\JUnit2\target\test-classes;C:\Users\fulloque\IdeaProjects\JUnit2\target\classes;C:\Users\fulloque\.m2\repository\org\junit\jupiter\junit-jupiter\5.8.2\junit-jupiter-5.8.2.jar;C:\Users\fulloque\.m2\repository\org\junit\jupiter\junit-jupiter-api\5.8.2\junit-jupiter-api-5.8.2.jar;C:\Users\fulloque\.m2\repository\org\opentest4j\opentest4j\1.2.0\opentest4j-1.2.0.jar;C:\Users\fulloque\.m2\repository\org\junit\platform\junit-platform-commons\1.8.2\junit-platform-commons-1.8.2.jar;C:\Users\fulloque\.m2\repository\org\apiguardian\apiguardian-api\1.1.2\apiguardian-api-1.1.2.jar;C:\Users\fulloque\.m2\repository\org\junit\jupiter\junit-jupiter-params\5.8.2\junit-jupiter-params-5.8.2.jar;C:\Users\fulloque\.m2\repository\org\junit\jupiter\junit-jupiter-engine\5.8.2\junit-jupiter-engine-5.8.2.jar;C:\Users\fulloque\.m2\repository\org\junit\platform\junit-platform-engine\1.8.2\junit-platform-engine-1.8.2.jar;"/>
    <property name="sun.cpu.endian" value="little"/>
    <property name="user.home" value="C:\Users\fulloque"/>
    <property name="user.language" value="en"/>
    <property name="java.specification.vendor" value="Oracle Corporation"/>
    <property name="java.version.date" value="2021-10-19"/>
    <property name="java.home" value="C:\Users\fulloque\OneDrive - ENDAVA\Documents\CursoJava\openjdk-17.0.1_windows-x64_bin\jdk-17.0.1"/>
    <property name="file.separator" value="\"/>
    <property name="basedir" value="C:\Users\fulloque\IdeaProjects\JUnit2"/>
    <property name="java.vm.compressedOopsMode" value="Zero based"/>
    <property name="line.separator" value="&#10;"/>
    <property name="java.vm.specification.vendor" value="Oracle Corporation"/>
    <property name="java.specification.name" value="Java Platform API Specification"/>
    <property name="surefire.real.class.path" value="C:\Users\fulloque\AppData\Local\Temp\surefire8875383986412075622\surefirebooter1762352820556184053.jar"/>
    <property name="user.script" value=""/>
    <property name="sun.management.compiler" value="HotSpot 64-Bit Tiered Compilers"/>
    <property name="java.runtime.version" value="17.0.1+12-39"/>
    <property name="user.name" value="fulloque"/>
    <property name="path.separator" value=";"/>
    <property name="os.version" value="10.0"/>
    <property name="java.runtime.name" value="OpenJDK Runtime Environment"/>
    <property name="file.encoding" value="Cp1252"/>
    <property name="java.vm.name" value="OpenJDK 64-Bit Server VM"/>
    <property name="localRepository" value="C:\Users\fulloque\.m2\repository"/>
    <property name="java.vendor.url.bug" value="https://bugreport.java.com/bugreport/"/>
    <property name="java.io.tmpdir" value="C:\Users\fulloque\AppData\Local\Temp\"/>
    <property name="java.version" value="17.0.1"/>
    <property name="user.dir" value="C:\Users\fulloque\IdeaProjects\JUnit2"/>
    <property name="os.arch" value="amd64"/>
    <property name="java.vm.specification.name" value="Java Virtual Machine Specification"/>
    <property name="sun.os.patch.level" value=""/>
    <property name="native.encoding" value="Cp1252"/>
    <property name="java.library.path" value="C:\Users\fulloque\OneDrive - ENDAVA\Documents\CursoJava\openjdk-17.0.1_windows-x64_bin\jdk-17.0.1\bin;C:\WINDOWS\Sun\Java\bin;C:\WINDOWS\system32;C:\WINDOWS;C:\Program Files (x86)\Common Files\Oracle\Java\javapath;C:\WINDOWS\system32;C:\WINDOWS;C:\WINDOWS\System32\Wbem;C:\WINDOWS\System32\WindowsPowerShell\v1.0\;C:\WINDOWS\System32\OpenSSH\;C:\Program Files\Microsoft SQL Server\Client SDK\ODBC\170\Tools\Binn\;C:\Program Files (x86)\Microsoft SQL Server\150\Tools\Binn\;C:\Program Files\Microsoft SQL Server\150\Tools\Binn\;C:\Program Files\Microsoft SQL Server\150\DTS\Binn\;C:\Program Files (x86)\Microsoft SQL Server\150\DTS\Binn\;C:\Program Files\Azure Data Studio\bin;C:\Program Files\Git\cmd;C:\Program Files\Git\mingw64\bin;C:\Program Files\Git\usr\bin;C:\Users\fulloque\AppData\Local\Microsoft\WindowsApps;C:\Program Files\Azure Data Studio\bin;C:\Users\fulloque\AppData\Local\Programs\Microsoft VS Code\bin;C:\Users\fulloque\OneDrive - ENDAVA\Documents\CursoJava\openjdk-17.0.1_windows-x64_bin\jdk-17.0.1\bin;C:\Users\fulloque\OneDrive - ENDAVA\Documents\CursoJava\apache-maven-3.8.4\bin;;."/>
    <property name="java.vm.info" value="mixed mode, sharing"/>
    <property name="java.vendor" value="Oracle Corporation"/>
    <property name="java.vm.version" value="17.0.1+12-39"/>
    <property name="sun.io.unicode.encoding" value="UnicodeLittle"/>
    <property name="java.class.version" value="61.0"/>
  </properties>
  <testcase name="testDebitoCuentaCsvFileSource2{String, String, String, String}[1]" classname="Models.CuentaTest" time="0.111">
    <failure message="expected: &lt;Andres&gt; but was: &lt;John&gt;" type="org.opentest4j.AssertionFailedError"><![CDATA[org.opentest4j.AssertionFailedError: expected: <Andres> but was: <John>
	at Models.CuentaTest.testDebitoCuentaCsvFileSource2(CuentaTest.java:337)
]]></failure>
    <system-out><![CDATA[inicializando el test
Finalizando el método
]]></system-out>
    <system-err><![CDATA[Dec 14, 2021 12:19:35 PM org.junit.jupiter.engine.descriptor.JupiterTestDescriptor lambda$getTags$1
WARNING: Configuration error: invalid tag syntax in @Tag("Manejo de errores") declaration on [void Models.CuentaTest.testDineroInsuficienteException()]. Tag will be ignored.
Dec 14, 2021 12:19:35 PM org.junit.jupiter.engine.descriptor.JupiterTestDescriptor lambda$getTags$1
WARNING: Configuration error: invalid tag syntax in @Tag("Manejo de errores") declaration on [void Models.CuentaTest.testDineroInsuficienteException()]. Tag will be ignored.
]]></system-err>
  </testcase>
  <testcase name="testDebitoCuentaCsvFileSource2{String, String, String, String}[2]" classname="Models.CuentaTest" time="0.005"/>
  <testcase name="testDebitoCuentaCsvFileSource2{String, String, String, String}[3]" classname="Models.CuentaTest" time="0.002"/>
  <testcase name="testDebitoCuentaCsvFileSource2{String, String, String, String}[4]" classname="Models.CuentaTest" time="0.004">
    <failure message="expected: &lt;Francisco&gt; but was: &lt;Giuliana&gt;" type="org.opentest4j.AssertionFailedError"><![CDATA[org.opentest4j.AssertionFailedError: expected: <Francisco> but was: <Giuliana>
	at Models.CuentaTest.testDebitoCuentaCsvFileSource2(CuentaTest.java:337)
]]></failure>
    <system-out><![CDATA[inicializando el test
Finalizando el método
]]></system-out>
  </testcase>
  <testcase name="testDebitoCuentaCsvFileSource2{String, String, String, String}[5]" classname="Models.CuentaTest" time="0.002"/>
  <testcase name="testDebitoCuentaCsvFileSource2{String, String, String, String}[6]" classname="Models.CuentaTest" time="0.002"/>
  <testcase name="testRelacionBancoCuentas" classname="Models.CuentaTest" time="0.01"/>
  <testcase name="testDebitoCuentaRepetir{RepetitionInfo}[1]" classname="Models.CuentaTest" time="0.003"/>
  <testcase name="testDebitoCuentaRepetir{RepetitionInfo}[2]" classname="Models.CuentaTest" time="0.003"/>
  <testcase name="testDebitoCuentaRepetir{RepetitionInfo}[3]" classname="Models.CuentaTest" time="0.006"/>
  <testcase name="testDebitoCuentaRepetir{RepetitionInfo}[4]" classname="Models.CuentaTest" time="0.002"/>
  <testcase name="testDebitoCuentaRepetir{RepetitionInfo}[5]" classname="Models.CuentaTest" time="0.003"/>
  <testcase name="testDineroInsuficienteException" classname="Models.CuentaTest" time="0.003"/>
  <testcase name="pruebaTimeOut2" classname="Models.CuentaTest$EjemploTimeOutTest" time="0.012"/>
  <testcase name="pruebaTimeOut" classname="Models.CuentaTest$EjemploTimeOutTest" time="1.013"/>
  <testcase name="testTimeOutAssertions" classname="Models.CuentaTest$EjemploTimeOutTest" time="4.023"/>
  <testcase name="testDebitoCuentaCsvSource2{String, String, String, String}[1]" classname="Models.CuentaTest$pruebasParametrizadasTest" time="0.005">
    <failure message="expected: &lt;Andres&gt; but was: &lt;John&gt;" type="org.opentest4j.AssertionFailedError"><![CDATA[org.opentest4j.AssertionFailedError: expected: <Andres> but was: <John>
	at Models.CuentaTest$pruebasParametrizadasTest.testDebitoCuentaCsvSource2(CuentaTest.java:413)
]]></failure>
    <system-out><![CDATA[inicializando el test
200-> 100
Finalizando el método
]]></system-out>
  </testcase>
  <testcase name="testDebitoCuentaCsvSource2{String, String, String, String}[2]" classname="Models.CuentaTest$pruebasParametrizadasTest" time="0.004"/>
  <testcase name="testDebitoCuentaCsvSource2{String, String, String, String}[3]" classname="Models.CuentaTest$pruebasParametrizadasTest" time="0.003"/>
  <testcase name="testDebitoCuentaCsvSource2{String, String, String, String}[4]" classname="Models.CuentaTest$pruebasParametrizadasTest" time="0.006">
    <failure message="expected: &lt;Francisco&gt; but was: &lt;Giuliana&gt;" type="org.opentest4j.AssertionFailedError"><![CDATA[org.opentest4j.AssertionFailedError: expected: <Francisco> but was: <Giuliana>
	at Models.CuentaTest$pruebasParametrizadasTest.testDebitoCuentaCsvSource2(CuentaTest.java:413)
]]></failure>
    <system-out><![CDATA[inicializando el test
510-> 500
Finalizando el método
]]></system-out>
  </testcase>
  <testcase name="testDebitoCuentaCsvSource2{String, String, String, String}[5]" classname="Models.CuentaTest$pruebasParametrizadasTest" time="0.003"/>
  <testcase name="testDebitoCuentaCsvSource2{String, String, String, String}[6]" classname="Models.CuentaTest$pruebasParametrizadasTest" time="0.003"/>
  <testcase name="testDebitoCuentaCsvSource{String, String}[1]" classname="Models.CuentaTest$pruebasParametrizadasTest" time="0.004"/>
  <testcase name="testDebitoCuentaCsvSource{String, String}[2]" classname="Models.CuentaTest$pruebasParametrizadasTest" time="0.002"/>
  <testcase name="testDebitoCuentaCsvSource{String, String}[3]" classname="Models.CuentaTest$pruebasParametrizadasTest" time="0.007"/>
  <testcase name="testDebitoCuentaCsvSource{String, String}[4]" classname="Models.CuentaTest$pruebasParametrizadasTest" time="0.004"/>
  <testcase name="testDebitoCuentaCsvSource{String, String}[5]" classname="Models.CuentaTest$pruebasParametrizadasTest" time="0.004"/>
  <testcase name="testDebitoCuentaCsvSource{String, String}[6]" classname="Models.CuentaTest$pruebasParametrizadasTest" time="0.002">
    <failure message="expected: &lt;true&gt; but was: &lt;false&gt;" type="org.opentest4j.AssertionFailedError"><![CDATA[org.opentest4j.AssertionFailedError: expected: <true> but was: <false>
	at Models.CuentaTest$pruebasParametrizadasTest.testDebitoCuentaCsvSource(CuentaTest.java:381)
]]></failure>
    <system-out><![CDATA[inicializando el test
6-> 1000.12345
Finalizando el método
]]></system-out>
  </testcase>
  <testcase name="testDebitoCuentaCsvFileSource{String}[1]" classname="Models.CuentaTest$pruebasParametrizadasTest" time="0.002"/>
  <testcase name="testDebitoCuentaCsvFileSource{String}[2]" classname="Models.CuentaTest$pruebasParametrizadasTest" time="0.002"/>
  <testcase name="testDebitoCuentaCsvFileSource{String}[3]" classname="Models.CuentaTest$pruebasParametrizadasTest" time="0.003"/>
  <testcase name="testDebitoCuentaCsvFileSource{String}[4]" classname="Models.CuentaTest$pruebasParametrizadasTest" time="0.002"/>
  <testcase name="testDebitoCuentaCsvFileSource{String}[5]" classname="Models.CuentaTest$pruebasParametrizadasTest" time="0.003"/>
  <testcase name="testDebitoCuentaCsvFileSource{String}[6]" classname="Models.CuentaTest$pruebasParametrizadasTest" time="0.006"/>
  <testcase name="testDebitoCuentaCsvFileSource{String}[7]" classname="Models.CuentaTest$pruebasParametrizadasTest" time="0.003">
    <failure message="expected: &lt;true&gt; but was: &lt;false&gt;" type="org.opentest4j.AssertionFailedError"><![CDATA[org.opentest4j.AssertionFailedError: expected: <true> but was: <false>
	at Models.CuentaTest$pruebasParametrizadasTest.testDebitoCuentaCsvFileSource(CuentaTest.java:394)
]]></failure>
    <system-out><![CDATA[inicializando el test
Finalizando el método
]]></system-out>
  </testcase>
  <testcase name="testDebitoCuenta{String}[1]" classname="Models.CuentaTest$pruebasParametrizadasTest" time="0.004"/>
  <testcase name="testDebitoCuenta{String}[2]" classname="Models.CuentaTest$pruebasParametrizadasTest" time="0.004"/>
  <testcase name="testDebitoCuenta{String}[3]" classname="Models.CuentaTest$pruebasParametrizadasTest" time="0.004"/>
  <testcase name="testDebitoCuenta{String}[4]" classname="Models.CuentaTest$pruebasParametrizadasTest" time="0.003"/>
  <testcase name="testDebitoCuenta{String}[5]" classname="Models.CuentaTest$pruebasParametrizadasTest" time="0.002"/>
  <testcase name="testDebitoCuenta{String}[6]" classname="Models.CuentaTest$pruebasParametrizadasTest" time="0.002"/>
  <testcase name="testSaldoCuentaConAssumption2" classname="Models.CuentaTest$ejemploAssumptionTest" time="0.007"/>
  <testcase name="testSaldoCuentaConAssumption" classname="Models.CuentaTest$ejemploAssumptionTest" time="0">
    <skipped message="Assumption failed: assumption is not true" type="org.opentest4j.TestAbortedException">org.opentest4j.TestAbortedException: Assumption failed: assumption is not true
	at Models.CuentaTest$ejemploAssumptionTest.testSaldoCuentaConAssumption(CuentaTest.java:302)
</skipped>
    <system-out><![CDATA[inicializando el test
Finalizando el método
]]></system-out>
  </testcase>
  <testcase name="testProcesadores" classname="Models.CuentaTest$VariablesAmbienteTest" time="0.002"/>
  <testcase name="javaHome" classname="Models.CuentaTest$VariablesAmbienteTest" time="0.003"/>
  <testcase name="imprimirVariablesAmbiente" classname="Models.CuentaTest$VariablesAmbienteTest" time="0.076"/>
  <testcase name="testNo64" classname="Models.CuentaTest$PropiedadesDelSistemaTest" time="0">
    <skipped message="System property [os.arch] with value [amd64] does not match regular expression [.*32.*]"/>
  </testcase>
  <testcase name="TestDev" classname="Models.CuentaTest$PropiedadesDelSistemaTest" time="0">
    <skipped message="System property [ENV] does not exist"/>
  </testcase>
  <testcase name="testUsername" classname="Models.CuentaTest$PropiedadesDelSistemaTest" time="0.001"/>
  <testcase name="testJavaVersion" classname="Models.CuentaTest$PropiedadesDelSistemaTest" time="0.002"/>
  <testcase name="imprimirSystemProperties" classname="Models.CuentaTest$PropiedadesDelSistemaTest" time="0.059"/>
  <testcase name="testSolo64" classname="Models.CuentaTest$PropiedadesDelSistemaTest" time="0.001"/>
  <testcase name="testCreditoCuenta" classname="Models.CuentaTest$cuentaOperacionesTest" time="0.001"/>
  <testcase name="testDebitoCuenta" classname="Models.CuentaTest$cuentaOperacionesTest" time="0.001"/>
  <testcase name="testTransferirDineroCuentas" classname="Models.CuentaTest$cuentaOperacionesTest" time="0.001"/>
  <testcase name="testSaldoCuenta" classname="Models.CuentaTest$cuentaTest" time="0.002"/>
  <testcase name="TestNombreCuenta" classname="Models.CuentaTest$cuentaTest" time="0.007"/>
  <testcase name="testReferenciaCuenta" classname="Models.CuentaTest$cuentaTest" time="0.002"/>
</testsuite>