<?xml version="1.0" encoding="UTF-8"?>
<testsuite xmlns:xsi="http://www.w3.org/2001/XMLSchema-instance" xsi:noNamespaceSchemaLocation="https://maven.apache.org/surefire/maven-surefire-plugin/xsd/surefire-test-report.xsd" name="Models.CuentaTest" time="5.851" tests="58" errors="0" skipped="3" failures="6">
  <properties>
[...]
</properties>
  <testcase name="testDebitoCuentaCsvFileSource2{String, String, String, String}[1]" classname="Models.CuentaTest" time="0.111">
    <failure message="expected: &lt;Andres&gt; but was: &lt;John&gt;" type="org.opentest4j.AssertionFailedError"><![CDATA[org.opentest4j.AssertionFailedError: expected: <Andres> but was: <John>
	at Models.CuentaTest.testDebitoCuentaCsvFileSource2(CuentaTest.java:337)
]]></failure>
    <system-out><![CDATA[inicializando el test
Finalizando el método
]]></system-out>
    <system-err><![CDATA[Dec 14, 2021 12:19:35 PM org.junit.jupiter.engine.descriptor.JupiterTestDescriptor lambda$getTags$1
WARNING: Configuration error: invalid tag syntax in @Tag("Manejo de errores") declaration on [void Models.CuentaTest.testDineroInsuficienteException()]. Tag will be ignored.
Dec 14, 2021 12:19:35 PM org.junit.jupiter.engine.descriptor.JupiterTestDescriptor lambda$getTags$1
WARNING: Configuration error: invalid tag syntax in @Tag("Manejo de errores") declaration on [void Models.CuentaTest.testDineroInsuficienteException()]. Tag will be ignored.
]]></system-err>
  </testcase>
  <testcase name="testDebitoCuentaCsvFileSource2{String, String, String, String}[2]" classname="Models.CuentaTest" time="0.005"/>
  <testcase name="testDebitoCuentaCsvFileSource2{String, String, String, String}[3]" classname="Models.CuentaTest" time="0.002"/>
  <testcase name="testDebitoCuentaCsvFileSource2{String, String, String, String}[4]" classname="Models.CuentaTest" time="0.004">
    <failure message="expected: &lt;Francisco&gt; but was: &lt;Giuliana&gt;" type="org.opentest4j.AssertionFailedError"><![CDATA[org.opentest4j.AssertionFailedError: expected: <Francisco> but was: <Giuliana>
	at Models.CuentaTest.testDebitoCuentaCsvFileSource2(CuentaTest.java:337)
]]></failure>
    <system-out><![CDATA[inicializando el test
Finalizando el método
]]></system-out>
  </testcase>
  <testcase name="testDebitoCuentaCsvFileSource2{String, String, String, String}[5]" classname="Models.CuentaTest" time="0.002"/>
  <testcase name="testDebitoCuentaCsvFileSource2{String, String, String, String}[6]" classname="Models.CuentaTest" time="0.002"/>
  <testcase name="testRelacionBancoCuentas" classname="Models.CuentaTest" time="0.01"/>
  <testcase name="testDebitoCuentaRepetir{RepetitionInfo}[1]" classname="Models.CuentaTest" time="0.003"/>
  <testcase name="testDebitoCuentaRepetir{RepetitionInfo}[2]" classname="Models.CuentaTest" time="0.003"/>
  <testcase name="testDebitoCuentaRepetir{RepetitionInfo}[3]" classname="Models.CuentaTest" time="0.006"/>
  <testcase name="testDebitoCuentaRepetir{RepetitionInfo}[4]" classname="Models.CuentaTest" time="0.002"/>
  <testcase name="testDebitoCuentaRepetir{RepetitionInfo}[5]" classname="Models.CuentaTest" time="0.003"/>
  <testcase name="testDineroInsuficienteException" classname="Models.CuentaTest" time="0.003"/>
  <testcase name="pruebaTimeOut2" classname="Models.CuentaTest$EjemploTimeOutTest" time="0.012"/>
  <testcase name="pruebaTimeOut" classname="Models.CuentaTest$EjemploTimeOutTest" time="1.013"/>
  <testcase name="testTimeOutAssertions" classname="Models.CuentaTest$EjemploTimeOutTest" time="4.023"/>
  <testcase name="testDebitoCuentaCsvSource2{String, String, String, String}[1]" classname="Models.CuentaTest$pruebasParametrizadasTest" time="0.005">
    <failure message="expected: &lt;Andres&gt; but was: &lt;John&gt;" type="org.opentest4j.AssertionFailedError"><![CDATA[org.opentest4j.AssertionFailedError: expected: <Andres> but was: <John>
	at Models.CuentaTest$pruebasParametrizadasTest.testDebitoCuentaCsvSource2(CuentaTest.java:413)
]]></failure>
    <system-out><![CDATA[inicializando el test
200-> 100
Finalizando el método
]]></system-out>
  </testcase>
  <testcase name="testDebitoCuentaCsvSource2{String, String, String, String}[2]" classname="Models.CuentaTest$pruebasParametrizadasTest" time="0.004"/>
  <testcase name="testDebitoCuentaCsvSource2{String, String, String, String}[3]" classname="Models.CuentaTest$pruebasParametrizadasTest" time="0.003"/>
  <testcase name="testDebitoCuentaCsvSource2{String, String, String, String}[4]" classname="Models.CuentaTest$pruebasParametrizadasTest" time="0.006">
    <failure message="expected: &lt;Francisco&gt; but was: &lt;Giuliana&gt;" type="org.opentest4j.AssertionFailedError"><![CDATA[org.opentest4j.AssertionFailedError: expected: <Francisco> but was: <Giuliana>
	at Models.CuentaTest$pruebasParametrizadasTest.testDebitoCuentaCsvSource2(CuentaTest.java:413)
]]></failure>
    <system-out><![CDATA[inicializando el test
510-> 500
Finalizando el método
]]></system-out>
  </testcase>
  <testcase name="testDebitoCuentaCsvSource2{String, String, String, String}[5]" classname="Models.CuentaTest$pruebasParametrizadasTest" time="0.003"/>
  <testcase name="testDebitoCuentaCsvSource2{String, String, String, String}[6]" classname="Models.CuentaTest$pruebasParametrizadasTest" time="0.003"/>
  <testcase name="testDebitoCuentaCsvSource{String, String}[1]" classname="Models.CuentaTest$pruebasParametrizadasTest" time="0.004"/>
  <testcase name="testDebitoCuentaCsvSource{String, String}[2]" classname="Models.CuentaTest$pruebasParametrizadasTest" time="0.002"/>
  <testcase name="testDebitoCuentaCsvSource{String, String}[3]" classname="Models.CuentaTest$pruebasParametrizadasTest" time="0.007"/>
  <testcase name="testDebitoCuentaCsvSource{String, String}[4]" classname="Models.CuentaTest$pruebasParametrizadasTest" time="0.004"/>
  <testcase name="testDebitoCuentaCsvSource{String, String}[5]" classname="Models.CuentaTest$pruebasParametrizadasTest" time="0.004"/>
  <testcase name="testDebitoCuentaCsvSource{String, String}[6]" classname="Models.CuentaTest$pruebasParametrizadasTest" time="0.002">
    <failure message="expected: &lt;true&gt; but was: &lt;false&gt;" type="org.opentest4j.AssertionFailedError"><![CDATA[org.opentest4j.AssertionFailedError: expected: <true> but was: <false>
	at Models.CuentaTest$pruebasParametrizadasTest.testDebitoCuentaCsvSource(CuentaTest.java:381)
]]></failure>
    <system-out><![CDATA[inicializando el test
6-> 1000.12345
Finalizando el método
]]></system-out>
  </testcase>
  <testcase name="testDebitoCuentaCsvFileSource{String}[1]" classname="Models.CuentaTest$pruebasParametrizadasTest" time="0.002"/>
  <testcase name="testDebitoCuentaCsvFileSource{String}[2]" classname="Models.CuentaTest$pruebasParametrizadasTest" time="0.002"/>
  <testcase name="testDebitoCuentaCsvFileSource{String}[3]" classname="Models.CuentaTest$pruebasParametrizadasTest" time="0.003"/>
  <testcase name="testDebitoCuentaCsvFileSource{String}[4]" classname="Models.CuentaTest$pruebasParametrizadasTest" time="0.002"/>
  <testcase name="testDebitoCuentaCsvFileSource{String}[5]" classname="Models.CuentaTest$pruebasParametrizadasTest" time="0.003"/>
  <testcase name="testDebitoCuentaCsvFileSource{String}[6]" classname="Models.CuentaTest$pruebasParametrizadasTest" time="0.006"/>
  <testcase name="testDebitoCuentaCsvFileSource{String}[7]" classname="Models.CuentaTest$pruebasParametrizadasTest" time="0.003">
    <failure message="expected: &lt;true&gt; but was: &lt;false&gt;" type="org.opentest4j.AssertionFailedError"><![CDATA[org.opentest4j.AssertionFailedError: expected: <true> but was: <false>
	at Models.CuentaTest$pruebasParametrizadasTest.testDebitoCuentaCsvFileSource(CuentaTest.java:394)
]]></failure>
    <system-out><![CDATA[inicializando el test
Finalizando el método
]]></system-out>
  </testcase>
  <testcase name="testDebitoCuenta{String}[1]" classname="Models.CuentaTest$pruebasParametrizadasTest" time="0.004"/>
  <testcase name="testDebitoCuenta{String}[2]" classname="Models.CuentaTest$pruebasParametrizadasTest" time="0.004"/>
  <testcase name="testDebitoCuenta{String}[3]" classname="Models.CuentaTest$pruebasParametrizadasTest" time="0.004"/>
  <testcase name="testDebitoCuenta{String}[4]" classname="Models.CuentaTest$pruebasParametrizadasTest" time="0.003"/>
  <testcase name="testDebitoCuenta{String}[5]" classname="Models.CuentaTest$pruebasParametrizadasTest" time="0.002"/>
  <testcase name="testDebitoCuenta{String}[6]" classname="Models.CuentaTest$pruebasParametrizadasTest" time="0.002"/>
  <testcase name="testSaldoCuentaConAssumption2" classname="Models.CuentaTest$ejemploAssumptionTest" time="0.007"/>
  <testcase name="testSaldoCuentaConAssumption" classname="Models.CuentaTest$ejemploAssumptionTest" time="0">
    <skipped message="Assumption failed: assumption is not true" type="org.opentest4j.TestAbortedException">org.opentest4j.TestAbortedException: Assumption failed: assumption is not true
	at Models.CuentaTest$ejemploAssumptionTest.testSaldoCuentaConAssumption(CuentaTest.java:302)
</skipped>
    <system-out><![CDATA[inicializando el test
Finalizando el método
]]></system-out>
  </testcase>
  <testcase name="testProcesadores" classname="Models.CuentaTest$VariablesAmbienteTest" time="0.002"/>
  <testcase name="javaHome" classname="Models.CuentaTest$VariablesAmbienteTest" time="0.003"/>
  <testcase name="imprimirVariablesAmbiente" classname="Models.CuentaTest$VariablesAmbienteTest" time="0.076"/>
  <testcase name="testNo64" classname="Models.CuentaTest$PropiedadesDelSistemaTest" time="0">
    <skipped message="System property [os.arch] with value [amd64] does not match regular expression [.*32.*]"/>
  </testcase>
  <testcase name="TestDev" classname="Models.CuentaTest$PropiedadesDelSistemaTest" time="0">
    <skipped message="System property [ENV] does not exist"/>
  </testcase>
  <testcase name="testUsername" classname="Models.CuentaTest$PropiedadesDelSistemaTest" time="0.001"/>
  <testcase name="testJavaVersion" classname="Models.CuentaTest$PropiedadesDelSistemaTest" time="0.002"/>
  <testcase name="imprimirSystemProperties" classname="Models.CuentaTest$PropiedadesDelSistemaTest" time="0.059"/>
  <testcase name="testSolo64" classname="Models.CuentaTest$PropiedadesDelSistemaTest" time="0.001"/>
  <testcase name="testCreditoCuenta" classname="Models.CuentaTest$cuentaOperacionesTest" time="0.001"/>
  <testcase name="testDebitoCuenta" classname="Models.CuentaTest$cuentaOperacionesTest" time="0.001"/>
  <testcase name="testTransferirDineroCuentas" classname="Models.CuentaTest$cuentaOperacionesTest" time="0.001"/>
  <testcase name="testSaldoCuenta" classname="Models.CuentaTest$cuentaTest" time="0.002"/>
  <testcase name="TestNombreCuenta" classname="Models.CuentaTest$cuentaTest" time="0.007"/>
  <testcase name="testReferenciaCuenta" classname="Models.CuentaTest$cuentaTest" time="0.002"/>
</testsuite>